# JRE version: OpenJDK Runtime Environment Temurin-17.0.4.1+1 (17.0.4.1+1) (build 17.0.4.1+1)
# Java VM: OpenJDK 64-Bit Server VM Temurin-17.0.4.1+1 (17.0.4.1+1, mixed mode, tiered, compressed oops, compressed class ptrs, g1 gc, windows-amd64)
GC Precious Log:
 CPUs: 8 total, 8 available
 Memory: 12224M
 Large Page Support: Disabled
 NUMA Support: Disabled
 Compressed Oops: Enabled (Zero based)
 Heap Region Size: 2M
 Heap Min Capacity: 8M
 Heap Initial Capacity: 192M
 Heap Max Capacity: 3058M
 Pre-touch: Disabled
 Parallel Workers: 8
 Concurrent Workers: 2
 Concurrent Refinement Workers: 8
 Periodic GC: Disabled
Heap:
 garbage-first heap   total 55296K, used 31879K [0x0000000740e00000, 0x0000000800000000)
  region size 2048K, 7 young (14336K), 1 survivors (2048K)
 Metaspace       used 30646K, committed 30976K, reserved 1081344K
  class space    used 3534K, committed 3712K, reserved 1048576K
GC Heap History (8 events):
Event: 1.743 GC heap before
{Heap before GC invocations=0 (full 0):
 garbage-first heap   total 196608K, used 26624K [0x0000000740e00000, 0x0000000800000000)
  region size 2048K, 11 young (22528K), 0 survivors (0K)
 Metaspace       used 15095K, committed 15360K, reserved 1064960K
  class space    used 1484K, committed 1664K, reserved 1048576K
}
Event: 1.754 GC heap after
{Heap after GC invocations=1 (full 0):
 garbage-first heap   total 196608K, used 10528K [0x0000000740e00000, 0x0000000800000000)
  region size 2048K, 2 young (4096K), 2 survivors (4096K)
 Metaspace       used 15095K, committed 15360K, reserved 1064960K
  class space    used 1484K, committed 1664K, reserved 1048576K
}
Event: 3.170 GC heap before
{Heap before GC invocations=1 (full 0):
 garbage-first heap   total 196608K, used 28960K [0x0000000740e00000, 0x0000000800000000)
  region size 2048K, 12 young (24576K), 2 survivors (4096K)
 Metaspace       used 21195K, committed 21504K, reserved 1073152K
  class space    used 2247K, committed 2432K, reserved 1048576K
}
Event: 3.179 GC heap after
{Heap after GC invocations=2 (full 0):
 garbage-first heap   total 196608K, used 12826K [0x0000000740e00000, 0x0000000800000000)
  region size 2048K, 1 young (2048K), 1 survivors (2048K)
 Metaspace       used 21195K, committed 21504K, reserved 1073152K
  class space    used 2247K, committed 2432K, reserved 1048576K
}
Event: 4.638 GC heap before
{Heap before GC invocations=3 (full 0):
 garbage-first heap   total 55296K, used 37402K [0x0000000740e00000, 0x0000000800000000)
  region size 2048K, 14 young (28672K), 1 survivors (2048K)
 Metaspace       used 27872K, committed 28224K, reserved 1081344K
  class space    used 3118K, committed 3264K, reserved 1048576K
}
Event: 4.647 GC heap after
{Heap after GC invocations=4 (full 0):
 garbage-first heap   total 55296K, used 15041K [0x0000000740e00000, 0x0000000800000000)
  region size 2048K, 2 young (4096K), 2 survivors (4096K)
 Metaspace       used 27872K, committed 28224K, reserved 1081344K
  class space    used 3118K, committed 3264K, reserved 1048576K
}
Event: 4.720 GC heap before
{Heap before GC invocations=4 (full 0):
 garbage-first heap   total 55296K, used 17089K [0x0000000740e00000, 0x0000000800000000)
  region size 2048K, 3 young (6144K), 2 survivors (4096K)
 Metaspace       used 28472K, committed 28736K, reserved 1081344K
  class space    used 3219K, committed 3328K, reserved 1048576K
}
Event: 4.729 GC heap after
{Heap after GC invocations=5 (full 0):
 garbage-first heap   total 55296K, used 15495K [0x0000000740e00000, 0x0000000800000000)
  region size 2048K, 1 young (2048K), 1 survivors (2048K)
 Metaspace       used 28472K, committed 28736K, reserved 1081344K
  class space    used 3219K, committed 3328K, reserved 1048576K
}

