<?xml version="1.0" encoding="UTF-8"?>
<testng-results ignored="0" total="3" passed="3" failed="0" skipped="0">
  <reporter-output>
  </reporter-output>
  <suite started-at="2022-11-06T23:36:18 IST" name="Default suite" finished-at="2022-11-06T23:37:00 IST" duration-ms="41644">
    <groups>
    </groups>
    <test started-at="2022-11-06T23:36:18 IST" name="Default test" finished-at="2022-11-06T23:37:00 IST" duration-ms="41644">
      <class name="com.act.qa.testcases.LoginPageTest">
        <test-method is-config="true" signature="Setup()[pri:0, instance:com.act.qa.testcases.LoginPageTest@446a1e84]" started-at="2022-11-06T23:36:18 IST" name="Setup" finished-at="2022-11-06T23:36:32 IST" duration-ms="13784" status="PASS">
          <reporter-output>
          </reporter-output>
        </test-method> <!-- Setup -->
        <test-method signature="loginPageLogoTest()[pri:1, instance:com.act.qa.testcases.LoginPageTest@446a1e84]" started-at="2022-11-06T23:36:32 IST" name="loginPageLogoTest" finished-at="2022-11-06T23:36:32 IST" duration-ms="58" status="PASS">
          <reporter-output>
          </reporter-output>
        </test-method> <!-- loginPageLogoTest -->
        <test-method is-config="true" signature="tearDown()[pri:0, instance:com.act.qa.testcases.LoginPageTest@446a1e84]" started-at="2022-11-06T23:36:32 IST" name="tearDown" finished-at="2022-11-06T23:36:33 IST" duration-ms="619" status="PASS">
          <reporter-output>
          </reporter-output>
        </test-method> <!-- tearDown -->
        <test-method is-config="true" signature="Setup()[pri:0, instance:com.act.qa.testcases.LoginPageTest@446a1e84]" started-at="2022-11-06T23:36:33 IST" name="Setup" finished-at="2022-11-06T23:36:45 IST" duration-ms="12583" status="PASS">
          <reporter-output>
          </reporter-output>
        </test-method> <!-- Setup -->
        <test-method signature="loginpageTitleTest()[pri:2, instance:com.act.qa.testcases.LoginPageTest@446a1e84]" started-at="2022-11-06T23:36:45 IST" name="loginpageTitleTest" finished-at="2022-11-06T23:36:45 IST" duration-ms="6" status="PASS">
          <reporter-output>
          </reporter-output>
        </test-method> <!-- loginpageTitleTest -->
        <test-method is-config="true" signature="tearDown()[pri:0, instance:com.act.qa.testcases.LoginPageTest@446a1e84]" started-at="2022-11-06T23:36:45 IST" name="tearDown" finished-at="2022-11-06T23:36:46 IST" duration-ms="646" status="PASS">
          <reporter-output>
          </reporter-output>
        </test-method> <!-- tearDown -->
        <test-method is-config="true" signature="Setup()[pri:0, instance:com.act.qa.testcases.LoginPageTest@446a1e84]" started-at="2022-11-06T23:36:46 IST" name="Setup" finished-at="2022-11-06T23:36:55 IST" duration-ms="9129" status="PASS">
          <reporter-output>
          </reporter-output>
        </test-method> <!-- Setup -->
        <test-method signature="loginTest()[pri:3, instance:com.act.qa.testcases.LoginPageTest@446a1e84]" started-at="2022-11-06T23:36:55 IST" name="loginTest" finished-at="2022-11-06T23:36:59 IST" duration-ms="4140" status="PASS">
          <reporter-output>
          </reporter-output>
        </test-method> <!-- loginTest -->
        <test-method is-config="true" signature="tearDown()[pri:0, instance:com.act.qa.testcases.LoginPageTest@446a1e84]" started-at="2022-11-06T23:36:59 IST" name="tearDown" finished-at="2022-11-06T23:37:00 IST" duration-ms="628" status="PASS">
          <reporter-output>
          </reporter-output>
        </test-method> <!-- tearDown -->
      </class> <!-- com.act.qa.testcases.LoginPageTest -->
    </test> <!-- Default test -->
  </suite> <!-- Default suite -->
</testng-results>
