<?xml version="1.0" encoding="UTF-8"?>
<testng-results ignored="2" total="3" passed="1" failed="0" skipped="0">
  <reporter-output>
  </reporter-output>
  <suite started-at="2022-11-02T16:50:24 IST" name="Default suite" finished-at="2022-11-02T16:50:56 IST" duration-ms="31851">
    <groups>
    </groups>
    <test started-at="2022-11-02T16:50:24 IST" name="Default test" finished-at="2022-11-02T16:50:56 IST" duration-ms="31851">
      <class name="com.act.qa.testcases.ApproveTimeTrackPageTest">
        <test-method is-config="true" signature="Setup()[pri:0, instance:com.act.qa.testcases.ApproveTimeTrackPageTest@52719fb6]" started-at="2022-11-02T16:50:24 IST" name="Setup" finished-at="2022-11-02T16:50:54 IST" duration-ms="29777" status="PASS">
          <reporter-output>
          </reporter-output>
        </test-method> <!-- Setup -->
        <test-method signature="approveEmpTimeTracksTest(java.lang.String,java.lang.String)[pri:3, instance:com.act.qa.testcases.ApproveTimeTrackPageTest@52719fb6]" started-at="2022-11-02T16:50:54 IST" name="approveEmpTimeTracksTest" data-provider="getSearchEmpTestData" finished-at="2022-11-02T16:50:56 IST" duration-ms="1456" status="PASS">
          <params>
            <param index="0">
              <value>
                <![CDATA[White]]>
              </value>
            </param>
            <param index="1">
              <value>
                <![CDATA[Jane]]>
              </value>
            </param>
          </params>
          <reporter-output>
          </reporter-output>
        </test-method> <!-- approveEmpTimeTracksTest -->
      </class> <!-- com.act.qa.testcases.ApproveTimeTrackPageTest -->
    </test> <!-- Default test -->
  </suite> <!-- Default suite -->
</testng-results>
