<?xml version="1.0" encoding="UTF-8"?>
<!-- Generated by org.testng.reporters.JUnitXMLReporter -->
<testsuite ignored="2" hostname="Tharindu" failures="0" tests="1" name="Default test" time="31.851" errors="0" timestamp="2022-11-02T16:50:56 IST">
  <testcase classname="com.act.qa.testcases.ApproveTimeTrackPageTest" name="approveEmpTimeTracksTest" time="1.456"/>
  <testcase classname="com.act.qa.testcases.ApproveTimeTrackPageTest" name="validateApproveTimeTrackTitleTest" time="0.0">
    <ignored/>
  </testcase> <!-- validateApproveTimeTrackTitleTest -->
  <testcase classname="com.act.qa.testcases.ApproveTimeTrackPageTest" name="verifyApproveTimeTrackHeadingTest" time="0.0">
    <ignored/>
  </testcase> <!-- verifyApproveTimeTrackHeadingTest -->
</testsuite> <!-- Default test -->
