<?xml version="1.0" encoding="UTF-8"?>
<!-- Generated by org.testng.reporters.JUnitXMLReporter -->
<testsuite ignored="0" hostname="Tharindu" failures="0" tests="3" name="Default test" time="41.644" errors="0" timestamp="2022-11-06T23:37:00 IST">
  <testcase classname="com.act.qa.testcases.LoginPageTest" name="loginPageLogoTest" time="0.058"/>
  <testcase classname="com.act.qa.testcases.LoginPageTest" name="loginpageTitleTest" time="0.006"/>
  <testcase classname="com.act.qa.testcases.LoginPageTest" name="loginTest" time="4.14"/>
</testsuite> <!-- Default test -->
